<?xml version="1.0" encoding="UTF-8"?>
<!-- Generated by org.testng.reporters.JUnitReportReporter -->
<testsuite hostname="Howtozap" failures="0" tests="1" name="PractiseTest.NokariTest" time="18.681" errors="0" timestamp="2022-03-20T11:02:37 IST" skipped="0">
  <testcase classname="PractiseTest.NokariTest" name="test" time="18.681"/>
  <system-out/>
</testsuite> <!-- PractiseTest.NokariTest -->
