<?xml version="1.0" encoding="UTF-8"?>
<!-- Generated by org.testng.reporters.JUnitReportReporter -->
<testsuite hostname="Howtozap" failures="0" tests="1" name="PractiseTest.Demo1Test" time="0.015" errors="0" timestamp="2022-03-20T10:54:39 IST" skipped="0">
  <testcase classname="PractiseTest.Demo1Test" name="demo" time="0.015"/>
  <system-out/>
</testsuite> <!-- PractiseTest.Demo1Test -->
